<?xml version="1.0" encoding="UTF-8"?>
<testng-results ignored="0" total="1" passed="1" failed="0" skipped="0">
  <reporter-output>
    <line>
      <![CDATA[Suite is getting ready]]>
    </line>
    <line>
      <![CDATA[Session has been ended]]>
    </line>
  </reporter-output>
  <suite started-at="2024-07-15T01:22:01 IST" name="Default suite" finished-at="2024-07-15T01:22:09 IST" duration-ms="8062">
    <groups>
    </groups>
    <test started-at="2024-07-15T01:22:01 IST" name="Default test" finished-at="2024-07-15T01:22:09 IST" duration-ms="8062">
      <class name="com.automation.tests.LoginPageTest">
        <test-method is-config="true" signature="setUpSuite()[pri:0, instance:com.automation.tests.LoginPageTest@3c41ed1d]" started-at="2024-07-15T01:22:00 IST" name="setUpSuite" finished-at="2024-07-15T01:22:01 IST" duration-ms="677" status="PASS">
          <reporter-output>
            <line>
              <![CDATA[Suite is getting ready]]>
            </line>
          </reporter-output>
        </test-method> <!-- setUpSuite -->
        <test-method is-config="true" signature="setUp()[pri:0, instance:com.automation.tests.LoginPageTest@3c41ed1d]" started-at="2024-07-15T01:22:01 IST" name="setUp" finished-at="2024-07-15T01:22:08 IST" duration-ms="7306" status="PASS">
          <reporter-output>
          </reporter-output>
        </test-method> <!-- setUp -->
        <test-method signature="testLoginPage()[pri:0, instance:com.automation.tests.LoginPageTest@3c41ed1d]" started-at="2024-07-15T01:22:08 IST" name="testLoginPage" finished-at="2024-07-15T01:22:08 IST" duration-ms="383" status="PASS">
          <reporter-output>
          </reporter-output>
        </test-method> <!-- testLoginPage -->
        <test-method is-config="true" signature="tearDownMethod(org.testng.ITestResult)[pri:0, instance:com.automation.tests.LoginPageTest@3c41ed1d]" started-at="2024-07-15T01:22:08 IST" name="tearDownMethod" finished-at="2024-07-15T01:22:09 IST" duration-ms="328" status="PASS">
          <params>
            <param index="0">
              <value>
                <![CDATA[[TestResult name=testLoginPage status=SUCCESS method=LoginPageTest.testLoginPage()[pri:0, instance:com.automation.tests.LoginPageTest@3c41ed1d] output={null}]]]>
              </value>
            </param>
          </params>
          <reporter-output>
          </reporter-output>
        </test-method> <!-- tearDownMethod -->
        <test-method is-config="true" signature="tearDown()[pri:0, instance:com.automation.tests.LoginPageTest@3c41ed1d]" started-at="2024-07-15T01:22:09 IST" name="tearDown" finished-at="2024-07-15T01:22:09 IST" duration-ms="209" status="PASS">
          <reporter-output>
            <line>
              <![CDATA[Session has been ended]]>
            </line>
          </reporter-output>
        </test-method> <!-- tearDown -->
      </class> <!-- com.automation.tests.LoginPageTest -->
    </test> <!-- Default test -->
  </suite> <!-- Default suite -->
</testng-results>
